-------------------------------------------------------------------------------
Test set: com.sample.mvc.seleniumTests.EmployeeEditSeleniumTest
-------------------------------------------------------------------------------
Tests run: 2, Failures: 0, Errors: 2, Skipped: 0, Time elapsed: 47.94 sec <<< FAILURE!
testEdit(com.sample.mvc.seleniumTests.EmployeeEditSeleniumTest)  Time elapsed: 47.94 sec  <<< ERROR!
org.openqa.selenium.WebDriverException: Failed to connect to binary FirefoxBinary(C:\Program Files (x86)\Mozilla Firefox\firefox.exe) on port 7055; process output follows: 
nuk\\AppData\\Local\\Temp\\anonymous5200105245179279471webdriver-profile\\extensions\\fxdriver@googlecode.com","mtime":1421215961497,"rdfTime":1421215961466}}}]
1421215962037	addons.xpi-utils	DEBUG	Opening XPI database C:\Users\vishnuk\AppData\Local\Temp\anonymous5200105245179279471webdriver-profile\extensions.json
1421215962038	addons.xpi	DEBUG	New add-on fxdriver@googlecode.com installed in app-profile
*** Blocklist::_loadBlocklistFromFile: blocklist is disabled
1421215962112	addons.xpi-utils	DEBUG	Make addon app-profile:fxdriver@googlecode.com visible
1421215962114	DeferredSave.extensions.json	DEBUG	Save changes
1421215962114	DeferredSave.extensions.json	DEBUG	Save changes
1421215962114	addons.xpi	DEBUG	New add-on {972ce4c6-7e08-4474-a285-3208198ce6fd} installed in app-global
1421215962117	addons.xpi-utils	DEBUG	Make addon app-global:{972ce4c6-7e08-4474-a285-3208198ce6fd} visible
1421215962117	DeferredSave.extensions.json	DEBUG	Save changes
1421215962117	DeferredSave.extensions.json	DEBUG	Save changes
1421215962125	addons.xpi	DEBUG	Updating database with changes to installed add-ons
1421215962126	addons.xpi-utils	DEBUG	Updating add-on states
1421215962126	addons.xpi-utils	DEBUG	Writing add-ons list
1421215962132	addons.manager	DEBUG	Registering shutdown blocker for XPIProvider
1421215962132	addons.manager	DEBUG	Registering shutdown blocker for LightweightThemeManager
1421215962134	addons.manager	DEBUG	Registering shutdown blocker for OpenH264Provider
1421215962134	addons.manager	DEBUG	Registering shutdown blocker for PluginProvider
1421215963245	DeferredSave.extensions.json	DEBUG	Starting timer
1421215963283	DeferredSave.extensions.json	DEBUG	Starting write
1421215963294	addons.manager	DEBUG	shutdown
1421215963295	addons.manager	DEBUG	Calling shutdown blocker for XPIProvider
1421215963295	addons.xpi	DEBUG	shutdown
1421215963295	addons.xpi-utils	DEBUG	shutdown
1421215963296	addons.manager	DEBUG	Calling shutdown blocker for LightweightThemeManager
1421215963297	addons.manager	DEBUG	Calling shutdown blocker for OpenH264Provider
1421215963298	addons.manager	DEBUG	Calling shutdown blocker for PluginProvider
1421215963489	DeferredSave.extensions.json	DEBUG	Write succeeded
1421215963489	addons.xpi-utils	DEBUG	XPI Database saved, setting schema version preference to 16
1421215963489	addons.xpi	DEBUG	Notifying XPI shutdown observers
1421215963493	addons.manager	DEBUG	Async provider shutdown done
1421215963933	addons.manager	DEBUG	Loaded provider scope for resource://gre/modules/addons/XPIProvider.jsm: ["XPIProvider"]
1421215963936	addons.manager	DEBUG	Loaded provider scope for resource://gre/modules/LightweightThemeManager.jsm: ["LightweightThemeManager"]
1421215963939	addons.xpi	DEBUG	startup
1421215963941	addons.xpi	DEBUG	Skipping unavailable install location app-system-local
1421215963941	addons.xpi	DEBUG	Skipping unavailable install location app-system-share
1421215963942	addons.xpi	INFO	Mapping {972ce4c6-7e08-4474-a285-3208198ce6fd} to C:\Program Files (x86)\Mozilla Firefox\browser\extensions\{972ce4c6-7e08-4474-a285-3208198ce6fd}
1421215963943	addons.xpi	INFO	Mapping fxdriver@googlecode.com to C:\Users\vishnuk\AppData\Local\Temp\anonymous5200105245179279471webdriver-profile\extensions\fxdriver@googlecode.com
1421215963943	addons.xpi	DEBUG	Ignoring file entry whose name is not a valid add-on ID: C:\Users\vishnuk\AppData\Local\Temp\anonymous5200105245179279471webdriver-profile\extensions\webdriver-staging
1421215963943	addons.xpi	DEBUG	checkForChanges
1421215963957	addons.xpi	DEBUG	No changes found
1421215963960	addons.manager	DEBUG	Registering shutdown blocker for XPIProvider
1421215963961	addons.manager	DEBUG	Registering shutdown blocker for LightweightThemeManager
1421215963962	addons.manager	DEBUG	Registering shutdown blocker for OpenH264Provider
1421215963963	addons.manager	DEBUG	Registering shutdown blocker for PluginProvider
*** Blocklist::_preloadBlocklistFile: blocklist is disabled
1421215965293	addons.manager	DEBUG	Registering shutdown blocker for <unnamed-provider>

Build info: version: '2.42.2', revision: '6a6995d31c7c56c340d6f45a76976d43506cd6cc', time: '2014-06-03 10:52:47'
System info: host: 'vishnuk', ip: '172.27.59.89', os.name: 'Windows 8', os.arch: 'amd64', os.version: '6.2', java.version: '1.7.0_51'
Driver info: driver.version: FirefoxDriver
	at org.openqa.selenium.firefox.internal.NewProfileExtensionConnection.start(NewProfileExtensionConnection.java:130)
	at org.openqa.selenium.firefox.FirefoxDriver.startClient(FirefoxDriver.java:246)
	at org.openqa.selenium.remote.RemoteWebDriver.<init>(RemoteWebDriver.java:114)
	at org.openqa.selenium.firefox.FirefoxDriver.<init>(FirefoxDriver.java:191)
	at org.openqa.selenium.firefox.FirefoxDriver.<init>(FirefoxDriver.java:186)
	at org.openqa.selenium.firefox.FirefoxDriver.<init>(FirefoxDriver.java:182)
	at org.openqa.selenium.firefox.FirefoxDriver.<init>(FirefoxDriver.java:95)
	at com.sample.mvc.seleniumTests.EmployeeEditSeleniumTest.setUp(EmployeeEditSeleniumTest.java:20)
	at sun.reflect.NativeMethodAccessorImpl.invoke0(Native Method)
	at sun.reflect.NativeMethodAccessorImpl.invoke(NativeMethodAccessorImpl.java:57)
	at sun.reflect.DelegatingMethodAccessorImpl.invoke(DelegatingMethodAccessorImpl.java:43)
	at java.lang.reflect.Method.invoke(Method.java:606)
	at org.junit.runners.model.FrameworkMethod$1.runReflectiveCall(FrameworkMethod.java:44)
	at org.junit.internal.runners.model.ReflectiveCallable.run(ReflectiveCallable.java:15)
	at org.junit.runners.model.FrameworkMethod.invokeExplosively(FrameworkMethod.java:41)
	at org.junit.internal.runners.statements.RunBefores.evaluate(RunBefores.java:27)
	at org.junit.internal.runners.statements.RunAfters.evaluate(RunAfters.java:31)
	at org.junit.runners.ParentRunner.runLeaf(ParentRunner.java:263)
	at org.junit.runners.BlockJUnit4ClassRunner.runChild(BlockJUnit4ClassRunner.java:69)
	at org.junit.runners.BlockJUnit4ClassRunner.runChild(BlockJUnit4ClassRunner.java:48)
	at org.junit.runners.ParentRunner$3.run(ParentRunner.java:231)
	at org.junit.runners.ParentRunner$1.schedule(ParentRunner.java:60)
	at org.junit.runners.ParentRunner.runChildren(ParentRunner.java:229)
	at org.junit.runners.ParentRunner.access$000(ParentRunner.java:50)
	at org.junit.runners.ParentRunner$2.evaluate(ParentRunner.java:222)
	at org.junit.runners.ParentRunner.run(ParentRunner.java:292)
	at org.apache.maven.surefire.junit4.JUnit4TestSet.execute(JUnit4TestSet.java:53)
	at org.apache.maven.surefire.junit4.JUnit4Provider.executeTestSet(JUnit4Provider.java:123)
	at org.apache.maven.surefire.junit4.JUnit4Provider.invoke(JUnit4Provider.java:104)
	at sun.reflect.NativeMethodAccessorImpl.invoke0(Native Method)
	at sun.reflect.NativeMethodAccessorImpl.invoke(NativeMethodAccessorImpl.java:57)
	at sun.reflect.DelegatingMethodAccessorImpl.invoke(DelegatingMethodAccessorImpl.java:43)
	at java.lang.reflect.Method.invoke(Method.java:606)
	at org.apache.maven.surefire.util.ReflectionUtils.invokeMethodWithArray(ReflectionUtils.java:164)
	at org.apache.maven.surefire.booter.ProviderFactory$ProviderProxy.invoke(ProviderFactory.java:110)
	at org.apache.maven.surefire.booter.SurefireStarter.invokeProvider(SurefireStarter.java:175)
	at org.apache.maven.surefire.booter.SurefireStarter.runSuitesInProcessWhenForked(SurefireStarter.java:107)
	at org.apache.maven.surefire.booter.ForkedBooter.main(ForkedBooter.java:68)
Caused by: org.openqa.selenium.firefox.NotConnectedException: Unable to connect to host 127.0.0.1 on port 7055 after 45000 ms. Firefox console output:
nuk\\AppData\\Local\\Temp\\anonymous5200105245179279471webdriver-profile\\extensions\\fxdriver@googlecode.com","mtime":1421215961497,"rdfTime":1421215961466}}}]
1421215962037	addons.xpi-utils	DEBUG	Opening XPI database C:\Users\vishnuk\AppData\Local\Temp\anonymous5200105245179279471webdriver-profile\extensions.json
1421215962038	addons.xpi	DEBUG	New add-on fxdriver@googlecode.com installed in app-profile
*** Blocklist::_loadBlocklistFromFile: blocklist is disabled
1421215962112	addons.xpi-utils	DEBUG	Make addon app-profile:fxdriver@googlecode.com visible
1421215962114	DeferredSave.extensions.json	DEBUG	Save changes
1421215962114	DeferredSave.extensions.json	DEBUG	Save changes
1421215962114	addons.xpi	DEBUG	New add-on {972ce4c6-7e08-4474-a285-3208198ce6fd} installed in app-global
1421215962117	addons.xpi-utils	DEBUG	Make addon app-global:{972ce4c6-7e08-4474-a285-3208198ce6fd} visible
1421215962117	DeferredSave.extensions.json	DEBUG	Save changes
1421215962117	DeferredSave.extensions.json	DEBUG	Save changes
1421215962125	addons.xpi	DEBUG	Updating database with changes to installed add-ons
1421215962126	addons.xpi-utils	DEBUG	Updating add-on states
1421215962126	addons.xpi-utils	DEBUG	Writing add-ons list
1421215962132	addons.manager	DEBUG	Registering shutdown blocker for XPIProvider
1421215962132	addons.manager	DEBUG	Registering shutdown blocker for LightweightThemeManager
1421215962134	addons.manager	DEBUG	Registering shutdown blocker for OpenH264Provider
1421215962134	addons.manager	DEBUG	Registering shutdown blocker for PluginProvider
1421215963245	DeferredSave.extensions.json	DEBUG	Starting timer
1421215963283	DeferredSave.extensions.json	DEBUG	Starting write
1421215963294	addons.manager	DEBUG	shutdown
1421215963295	addons.manager	DEBUG	Calling shutdown blocker for XPIProvider
1421215963295	addons.xpi	DEBUG	shutdown
1421215963295	addons.xpi-utils	DEBUG	shutdown
1421215963296	addons.manager	DEBUG	Calling shutdown blocker for LightweightThemeManager
1421215963297	addons.manager	DEBUG	Calling shutdown blocker for OpenH264Provider
1421215963298	addons.manager	DEBUG	Calling shutdown blocker for PluginProvider
1421215963489	DeferredSave.extensions.json	DEBUG	Write succeeded
1421215963489	addons.xpi-utils	DEBUG	XPI Database saved, setting schema version preference to 16
1421215963489	addons.xpi	DEBUG	Notifying XPI shutdown observers
1421215963493	addons.manager	DEBUG	Async provider shutdown done
1421215963933	addons.manager	DEBUG	Loaded provider scope for resource://gre/modules/addons/XPIProvider.jsm: ["XPIProvider"]
1421215963936	addons.manager	DEBUG	Loaded provider scope for resource://gre/modules/LightweightThemeManager.jsm: ["LightweightThemeManager"]
1421215963939	addons.xpi	DEBUG	startup
1421215963941	addons.xpi	DEBUG	Skipping unavailable install location app-system-local
1421215963941	addons.xpi	DEBUG	Skipping unavailable install location app-system-share
1421215963942	addons.xpi	INFO	Mapping {972ce4c6-7e08-4474-a285-3208198ce6fd} to C:\Program Files (x86)\Mozilla Firefox\browser\extensions\{972ce4c6-7e08-4474-a285-3208198ce6fd}
1421215963943	addons.xpi	INFO	Mapping fxdriver@googlecode.com to C:\Users\vishnuk\AppData\Local\Temp\anonymous5200105245179279471webdriver-profile\extensions\fxdriver@googlecode.com
1421215963943	addons.xpi	DEBUG	Ignoring file entry whose name is not a valid add-on ID: C:\Users\vishnuk\AppData\Local\Temp\anonymous5200105245179279471webdriver-profile\extensions\webdriver-staging
1421215963943	addons.xpi	DEBUG	checkForChanges
1421215963957	addons.xpi	DEBUG	No changes found
1421215963960	addons.manager	DEBUG	Registering shutdown blocker for XPIProvider
1421215963961	addons.manager	DEBUG	Registering shutdown blocker for LightweightThemeManager
1421215963962	addons.manager	DEBUG	Registering shutdown blocker for OpenH264Provider
1421215963963	addons.manager	DEBUG	Registering shutdown blocker for PluginProvider
*** Blocklist::_preloadBlocklistFile: blocklist is disabled
1421215965293	addons.manager	DEBUG	Registering shutdown blocker for <unnamed-provider>

	at org.openqa.selenium.firefox.internal.NewProfileExtensionConnection.start(NewProfileExtensionConnection.java:118)
	... 37 more
testEdit(com.sample.mvc.seleniumTests.EmployeeEditSeleniumTest)  Time elapsed: 47.94 sec  <<< ERROR!
java.lang.NullPointerException
	at com.sample.mvc.seleniumTests.EmployeeEditSeleniumTest.tearDown(EmployeeEditSeleniumTest.java:41)
	at sun.reflect.NativeMethodAccessorImpl.invoke0(Native Method)
	at sun.reflect.NativeMethodAccessorImpl.invoke(NativeMethodAccessorImpl.java:57)
	at sun.reflect.DelegatingMethodAccessorImpl.invoke(DelegatingMethodAccessorImpl.java:43)
	at java.lang.reflect.Method.invoke(Method.java:606)
	at org.junit.runners.model.FrameworkMethod$1.runReflectiveCall(FrameworkMethod.java:44)
	at org.junit.internal.runners.model.ReflectiveCallable.run(ReflectiveCallable.java:15)
	at org.junit.runners.model.FrameworkMethod.invokeExplosively(FrameworkMethod.java:41)
	at org.junit.internal.runners.statements.RunAfters.evaluate(RunAfters.java:37)
	at org.junit.runners.ParentRunner.runLeaf(ParentRunner.java:263)
	at org.junit.runners.BlockJUnit4ClassRunner.runChild(BlockJUnit4ClassRunner.java:69)
	at org.junit.runners.BlockJUnit4ClassRunner.runChild(BlockJUnit4ClassRunner.java:48)
	at org.junit.runners.ParentRunner$3.run(ParentRunner.java:231)
	at org.junit.runners.ParentRunner$1.schedule(ParentRunner.java:60)
	at org.junit.runners.ParentRunner.runChildren(ParentRunner.java:229)
	at org.junit.runners.ParentRunner.access$000(ParentRunner.java:50)
	at org.junit.runners.ParentRunner$2.evaluate(ParentRunner.java:222)
	at org.junit.runners.ParentRunner.run(ParentRunner.java:292)
	at org.apache.maven.surefire.junit4.JUnit4TestSet.execute(JUnit4TestSet.java:53)
	at org.apache.maven.surefire.junit4.JUnit4Provider.executeTestSet(JUnit4Provider.java:123)
	at org.apache.maven.surefire.junit4.JUnit4Provider.invoke(JUnit4Provider.java:104)
	at sun.reflect.NativeMethodAccessorImpl.invoke0(Native Method)
	at sun.reflect.NativeMethodAccessorImpl.invoke(NativeMethodAccessorImpl.java:57)
	at sun.reflect.DelegatingMethodAccessorImpl.invoke(DelegatingMethodAccessorImpl.java:43)
	at java.lang.reflect.Method.invoke(Method.java:606)
	at org.apache.maven.surefire.util.ReflectionUtils.invokeMethodWithArray(ReflectionUtils.java:164)
	at org.apache.maven.surefire.booter.ProviderFactory$ProviderProxy.invoke(ProviderFactory.java:110)
	at org.apache.maven.surefire.booter.SurefireStarter.invokeProvider(SurefireStarter.java:175)
	at org.apache.maven.surefire.booter.SurefireStarter.runSuitesInProcessWhenForked(SurefireStarter.java:107)
	at org.apache.maven.surefire.booter.ForkedBooter.main(ForkedBooter.java:68)
